<?xml version="1.0" encoding="UTF-8"?>
<testng-results ignored="0" total="1" passed="1" failed="0" skipped="0">
  <reporter-output>
  </reporter-output>
  <suite started-at="2020-09-25T15:03:47 CEST" name="Default suite" finished-at="2020-09-25T15:03:55 CEST" duration-ms="8172">
    <groups>
    </groups>
    <test started-at="2020-09-25T15:03:47 CEST" name="Default test" finished-at="2020-09-25T15:03:55 CEST" duration-ms="8172">
      <class name="Tesngmaven.nxgLoginmanyusers">
        <test-method is-config="true" signature="setup()[pri:0, instance:Tesngmaven.nxgLoginmanyusers@363ee3a2]" started-at="2020-09-25T15:03:47 CEST" name="setup" finished-at="2020-09-25T15:03:47 CEST" duration-ms="7" status="PASS">
          <reporter-output>
          </reporter-output>
        </test-method> <!-- setup -->
        <test-method is-config="true" signature="login()[pri:0, instance:Tesngmaven.nxgLoginmanyusers@363ee3a2]" started-at="2020-09-25T15:03:47 CEST" name="login" finished-at="2020-09-25T15:03:47 CEST" duration-ms="0" status="PASS">
          <reporter-output>
          </reporter-output>
        </test-method> <!-- login -->
        <test-method is-config="true" signature="launchbrowser()[pri:0, instance:Tesngmaven.nxgLoginmanyusers@363ee3a2]" started-at="2020-09-25T15:03:47 CEST" name="launchbrowser" finished-at="2020-09-25T15:03:47 CEST" duration-ms="0" status="PASS">
          <reporter-output>
          </reporter-output>
        </test-method> <!-- launchbrowser -->
        <test-method is-config="true" signature="enterURL()[pri:0, instance:Tesngmaven.nxgLoginmanyusers@363ee3a2]" started-at="2020-09-25T15:03:47 CEST" name="enterURL" finished-at="2020-09-25T15:03:47 CEST" duration-ms="0" status="PASS">
          <reporter-output>
          </reporter-output>
        </test-method> <!-- enterURL -->
        <test-method signature="nxgloginURL()[pri:0, instance:Tesngmaven.nxgLoginmanyusers@363ee3a2]" started-at="2020-09-25T15:03:47 CEST" name="nxgloginURL" finished-at="2020-09-25T15:03:55 CEST" duration-ms="8143" status="PASS">
          <reporter-output>
          </reporter-output>
        </test-method> <!-- nxgloginURL -->
        <test-method is-config="true" signature="logout()[pri:0, instance:Tesngmaven.nxgLoginmanyusers@363ee3a2]" started-at="2020-09-25T15:03:55 CEST" name="logout" finished-at="2020-09-25T15:03:55 CEST" duration-ms="0" status="PASS">
          <reporter-output>
          </reporter-output>
        </test-method> <!-- logout -->
        <test-method is-config="true" signature="closeBrowser()[pri:0, instance:Tesngmaven.nxgLoginmanyusers@363ee3a2]" started-at="2020-09-25T15:03:55 CEST" name="closeBrowser" finished-at="2020-09-25T15:03:55 CEST" duration-ms="0" status="PASS">
          <reporter-output>
          </reporter-output>
        </test-method> <!-- closeBrowser -->
        <test-method is-config="true" signature="deleteallCookies()[pri:0, instance:Tesngmaven.nxgLoginmanyusers@363ee3a2]" started-at="2020-09-25T15:03:55 CEST" name="deleteallCookies" finished-at="2020-09-25T15:03:55 CEST" duration-ms="0" status="PASS">
          <reporter-output>
          </reporter-output>
        </test-method> <!-- deleteallCookies -->
        <test-method is-config="true" signature="generateTestReport()[pri:0, instance:Tesngmaven.nxgLoginmanyusers@363ee3a2]" started-at="2020-09-25T15:03:55 CEST" name="generateTestReport" finished-at="2020-09-25T15:03:55 CEST" duration-ms="1" status="PASS">
          <reporter-output>
          </reporter-output>
        </test-method> <!-- generateTestReport -->
      </class> <!-- Tesngmaven.nxgLoginmanyusers -->
    </test> <!-- Default test -->
  </suite> <!-- Default suite -->
</testng-results>
