<?xml version="1.0" encoding="UTF-8"?>
<testng-results ignored="0" total="1" passed="1" failed="0" skipped="0">
  <reporter-output>
  </reporter-output>
  <suite started-at="2020-12-10T16:07:48 CET" name="Default suite" finished-at="2020-12-10T16:07:57 CET" duration-ms="8574">
    <groups>
    </groups>
    <test started-at="2020-12-10T16:07:48 CET" name="Default test" finished-at="2020-12-10T16:07:57 CET" duration-ms="8574">
      <class name="Tesngmaven.nxg_QA_Smoke_Test">
        <test-method is-config="true" signature="setup()[pri:0, instance:Tesngmaven.nxg_QA_Smoke_Test@703580bf]" started-at="2020-12-10T16:07:48 CET" name="setup" finished-at="2020-12-10T16:07:48 CET" duration-ms="11" status="PASS">
          <reporter-output>
          </reporter-output>
        </test-method> <!-- setup -->
        <test-method is-config="true" signature="login()[pri:0, instance:Tesngmaven.nxg_QA_Smoke_Test@703580bf]" started-at="2020-12-10T16:07:48 CET" name="login" finished-at="2020-12-10T16:07:48 CET" duration-ms="1" status="PASS">
          <reporter-output>
          </reporter-output>
        </test-method> <!-- login -->
        <test-method is-config="true" signature="beforlaunchbrowser()[pri:0, instance:Tesngmaven.nxg_QA_Smoke_Test@703580bf]" started-at="2020-12-10T16:07:48 CET" name="beforlaunchbrowser" finished-at="2020-12-10T16:07:48 CET" duration-ms="1" status="PASS">
          <reporter-output>
          </reporter-output>
        </test-method> <!-- beforlaunchbrowser -->
        <test-method signature="nxgQASmokeTest()[pri:0, instance:Tesngmaven.nxg_QA_Smoke_Test@703580bf]" started-at="2020-12-10T16:07:48 CET" name="nxgQASmokeTest" finished-at="2020-12-10T16:07:57 CET" duration-ms="8531" status="PASS">
          <reporter-output>
          </reporter-output>
        </test-method> <!-- nxgQASmokeTest -->
        <test-method is-config="true" signature="closebrowser()[pri:0, instance:Tesngmaven.nxg_QA_Smoke_Test@703580bf]" started-at="2020-12-10T16:07:57 CET" name="closebrowser" finished-at="2020-12-10T16:07:57 CET" duration-ms="0" status="PASS">
          <reporter-output>
          </reporter-output>
        </test-method> <!-- closebrowser -->
        <test-method is-config="true" signature="deleteallCookies()[pri:0, instance:Tesngmaven.nxg_QA_Smoke_Test@703580bf]" started-at="2020-12-10T16:07:57 CET" name="deleteallCookies" finished-at="2020-12-10T16:07:57 CET" duration-ms="1" status="PASS">
          <reporter-output>
          </reporter-output>
        </test-method> <!-- deleteallCookies -->
        <test-method is-config="true" signature="generateTestReport()[pri:0, instance:Tesngmaven.nxg_QA_Smoke_Test@703580bf]" started-at="2020-12-10T16:07:57 CET" name="generateTestReport" finished-at="2020-12-10T16:07:57 CET" duration-ms="0" status="PASS">
          <reporter-output>
          </reporter-output>
        </test-method> <!-- generateTestReport -->
      </class> <!-- Tesngmaven.nxg_QA_Smoke_Test -->
    </test> <!-- Default test -->
  </suite> <!-- Default suite -->
</testng-results>
